app/build/intermediates/manifest_merge_blame_file/debug/manifest-merger-blame-debug-report.txt
1<?xml version="1.0" encoding="utf-8"?>
2<manifest xmlns:android="http://schemas.android.com/apk/res/android"
3    package="airlift.sample"
4    android:versionCode="1"
5    android:versionName="1.0" >
6
7    <uses-sdk
8        android:minSdkVersion="23"
8-->src/main/AndroidManifest.xml
9        android:targetSdkVersion="30" />
9-->src/main/AndroidManifest.xml
10
11    <uses-permission android:name="android.permission.ACCESS_NETWORK_STATE" />
11-->src/main/AndroidManifest.xml:5:5-79
11-->src/main/AndroidManifest.xml:5:22-76
12    <uses-permission android:name="android.permission.INTERNET" />
12-->src/main/AndroidManifest.xml:6:5-67
12-->src/main/AndroidManifest.xml:6:22-64
13
14    <!-- Permission will be merged into the manifest of the hosting app. -->
15    <!-- Is required to launch foreground extraction service for targetSdkVersion 28+. -->
16    <uses-permission android:name="android.permission.FOREGROUND_SERVICE" />
16-->[com.google.android.play:core:1.9.1] AndroidManifest.xml:8:3-74
16-->[com.google.android.play:core:1.9.1] AndroidManifest.xml:8:20-72
17
18    <application
18-->src/main/AndroidManifest.xml:8:5-28:19
19        android:name="com.airlift.android.BaseApplication"
19-->src/main/AndroidManifest.xml:9:9-59
20        android:allowBackup="true"
20-->src/main/AndroidManifest.xml:10:9-35
21        android:appComponentFactory="androidx.core.app.CoreComponentFactory"
21-->[androidx.core:core:1.6.0] AndroidManifest.xml:24:18-86
22        android:debuggable="true"
23        android:extractNativeLibs="false"
24        android:icon="@mipmap/ic_launcher"
24-->src/main/AndroidManifest.xml:11:9-43
25        android:label="@string/app_name"
25-->src/main/AndroidManifest.xml:12:9-41
26        android:roundIcon="@mipmap/ic_launcher_round"
26-->src/main/AndroidManifest.xml:13:9-54
27        android:supportsRtl="true"
27-->src/main/AndroidManifest.xml:14:9-35
28        android:usesCleartextTraffic="true" >
28-->src/main/AndroidManifest.xml:15:9-44
29        <activity
29-->src/main/AndroidManifest.xml:17:9-26:20
30            android:name="com.airlift.android.modules.base.MainActivity"
30-->src/main/AndroidManifest.xml:18:13-73
31            android:theme="@style/AppTheme" >
31-->src/main/AndroidManifest.xml:19:13-44
32            <intent-filter>
32-->src/main/AndroidManifest.xml:21:13-25:29
33                <action android:name="android.intent.action.MAIN" />
33-->src/main/AndroidManifest.xml:22:17-69
33-->src/main/AndroidManifest.xml:22:25-66
34
35                <category android:name="android.intent.category.LAUNCHER" />
35-->src/main/AndroidManifest.xml:24:17-77
35-->src/main/AndroidManifest.xml:24:27-74
36            </intent-filter>
37        </activity>
38
39        <provider
39-->[com.squareup.picasso:picasso:2.71828] AndroidManifest.xml:8:9-11:40
40            android:name="com.squareup.picasso.PicassoProvider"
40-->[com.squareup.picasso:picasso:2.71828] AndroidManifest.xml:9:13-64
41            android:authorities="airlift.sample.com.squareup.picasso"
41-->[com.squareup.picasso:picasso:2.71828] AndroidManifest.xml:10:13-72
42            android:exported="false" />
42-->[com.squareup.picasso:picasso:2.71828] AndroidManifest.xml:11:13-37
43
44        <service
44-->[androidx.room:room-runtime:2.3.0] AndroidManifest.xml:25:9-28:40
45            android:name="androidx.room.MultiInstanceInvalidationService"
45-->[androidx.room:room-runtime:2.3.0] AndroidManifest.xml:26:13-74
46            android:directBootAware="true"
46-->[androidx.room:room-runtime:2.3.0] AndroidManifest.xml:27:13-43
47            android:exported="false" />
47-->[androidx.room:room-runtime:2.3.0] AndroidManifest.xml:28:13-37
48
49        <provider
49-->[androidx.lifecycle:lifecycle-process:2.2.0] AndroidManifest.xml:25:9-29:43
50            android:name="androidx.lifecycle.ProcessLifecycleOwnerInitializer"
50-->[androidx.lifecycle:lifecycle-process:2.2.0] AndroidManifest.xml:26:13-79
51            android:authorities="airlift.sample.lifecycle-process"
51-->[androidx.lifecycle:lifecycle-process:2.2.0] AndroidManifest.xml:27:13-69
52            android:exported="false"
52-->[androidx.lifecycle:lifecycle-process:2.2.0] AndroidManifest.xml:28:13-37
53            android:multiprocess="true" /> <!-- The activities will be merged into the manifest of the hosting app. -->
53-->[androidx.lifecycle:lifecycle-process:2.2.0] AndroidManifest.xml:29:13-40
54        <activity
54-->[com.google.android.play:core:1.9.1] AndroidManifest.xml:12:5-271
55            android:name="com.google.android.play.core.missingsplits.PlayCoreMissingSplitsActivity"
55-->[com.google.android.play:core:1.9.1] AndroidManifest.xml:12:15-102
56            android:enabled="false"
56-->[com.google.android.play:core:1.9.1] AndroidManifest.xml:12:103-126
57            android:exported="false"
57-->[com.google.android.play:core:1.9.1] AndroidManifest.xml:12:127-151
58            android:launchMode="singleInstance"
58-->[com.google.android.play:core:1.9.1] AndroidManifest.xml:12:204-239
59            android:process=":playcore_missing_splits_activity"
59-->[com.google.android.play:core:1.9.1] AndroidManifest.xml:12:152-203
60            android:stateNotNeeded="true" />
60-->[com.google.android.play:core:1.9.1] AndroidManifest.xml:12:240-269
61        <activity
61-->[com.google.android.play:core:1.9.1] AndroidManifest.xml:13:5-226
62            android:name="com.google.android.play.core.common.PlayCoreDialogWrapperActivity"
62-->[com.google.android.play:core:1.9.1] AndroidManifest.xml:13:15-95
63            android:enabled="false"
63-->[com.google.android.play:core:1.9.1] AndroidManifest.xml:13:96-119
64            android:exported="false"
64-->[com.google.android.play:core:1.9.1] AndroidManifest.xml:13:120-144
65            android:stateNotNeeded="true"
65-->[com.google.android.play:core:1.9.1] AndroidManifest.xml:13:145-174
66            android:theme="@style/Theme.PlayCore.Transparent" /> <!-- The services will be merged into the manifest of the hosting app. -->
66-->[com.google.android.play:core:1.9.1] AndroidManifest.xml:13:175-224
67        <service
67-->[com.google.android.play:core:1.9.1] AndroidManifest.xml:16:5-18:15
68            android:name="com.google.android.play.core.assetpacks.AssetPackExtractionService"
68-->[com.google.android.play:core:1.9.1] AndroidManifest.xml:16:14-95
69            android:enabled="false"
69-->[com.google.android.play:core:1.9.1] AndroidManifest.xml:16:96-119
70            android:exported="true" >
70-->[com.google.android.play:core:1.9.1] AndroidManifest.xml:16:120-143
71            <meta-data
71-->[com.google.android.play:core:1.9.1] AndroidManifest.xml:17:7-108
72                android:name="com.google.android.play.core.assetpacks.versionCode"
72-->[com.google.android.play:core:1.9.1] AndroidManifest.xml:17:18-84
73                android:value="10901" />
73-->[com.google.android.play:core:1.9.1] AndroidManifest.xml:17:85-106
74        </service>
75        <service
75-->[com.google.android.play:core:1.9.1] AndroidManifest.xml:19:5-147
76            android:name="com.google.android.play.core.assetpacks.ExtractionForegroundService"
76-->[com.google.android.play:core:1.9.1] AndroidManifest.xml:19:14-96
77            android:enabled="false"
77-->[com.google.android.play:core:1.9.1] AndroidManifest.xml:19:97-120
78            android:exported="false" />
78-->[com.google.android.play:core:1.9.1] AndroidManifest.xml:19:121-145
79    </application>
80
81</manifest>